2019-05-10 22:49:31: 骑车 10
query:insert into sport_info (date, type, num) values ('2019-05-12', '游泳', '600');2019-05-12 23:03:36: zhoubao
2019-05-12 23:23:01: 游泳 600
2019-05-12 23:24:57: 游泳 600
2019-05-12 23:25:33: 游泳 600
2019-05-12 23:25:43: 游泳 600
2019-05-12 23:29:34: 游泳 600
2019-05-12 23:30:15: 游泳 600
2019-05-12 23:30:37: 游泳 600
2019-05-12 23:31:10: 游泳 600
2019-05-12 23:35:35: 游泳 600
2019-05-12 23:35:56: 游泳 600
2019-05-12 23:36:22: 游泳 600
2019-05-12 23:37:11: 游泳 600
2019-05-12 23:37:34: 游泳 600
2019-05-12 23:38:27: 游泳 600
2019-05-12 23:46:20: 游泳 600
2019-05-12 23:47:56: 游泳 600
2019-05-12 23:48:26: 游泳 600
2019-05-12 23:50:37: 游泳 600
2019-05-12 23:51:13: 游泳 600
2019-05-12 23:51:40: 游泳 600
2019-05-12 23:54:21: 游泳 600
2019-05-12 23:55:30: 游泳 600
2019-05-13 23:52:34: 骑车 10
2019-05-16 00:20:28: keep 30
2019-05-16 22:28:55: 骑车 10
2019-05-20 08:51:55: 骑车 10
2019-05-22 08:24:39: 羽毛球 1
2019-05-22 08:24:49: 骑车 10
2019-05-22 22:32:42: 骑车 10
2019-05-29 08:36:02: 骑车 10
2019-05-29 20:43:35: 骑车 10
2019-06-05 07:42:40: 骑车 10
2019-06-05 23:23:53: 骑车 10
